# JRE version: OpenJDK Runtime Environment (8.0_152-b01) (build 1.8.0_152-release-1248-b01)
# Java VM: OpenJDK 64-Bit Server VM (25.152-b01 mixed mode windows-amd64 compressed oops)
Heap:
 PSYoungGen      total 235520K, used 174524K [0x00000000e0000000, 0x00000000ef880000, 0x0000000100000000)
  eden space 224768K, 75% used [0x00000000e0000000,0x00000000ea4c2728,0x00000000edb80000)
  from space 10752K, 54% used [0x00000000eee00000,0x00000000ef3acc60,0x00000000ef880000)
  to   space 14848K, 0% used [0x00000000edb80000,0x00000000edb80000,0x00000000eea00000)
 ParOldGen       total 163840K, used 21065K [0x00000000a0000000, 0x00000000aa000000, 0x00000000e0000000)
  object space 163840K, 12% used [0x00000000a0000000,0x00000000a1492528,0x00000000aa000000)
 Metaspace       used 51381K, capacity 52528K, committed 52648K, reserved 1095680K
  class space    used 6738K, capacity 7084K, committed 7088K, reserved 1048576K
GC Heap History (10 events):
Event: 12.071 GC heap before
{Heap before GC invocations=6 (full 1):
 PSYoungGen      total 114688K, used 109773K [0x00000000e0000000, 0x00000000e9100000, 0x0000000100000000)
  eden space 108032K, 95% used [0x00000000e0000000,0x00000000e64ecfe0,0x00000000e6980000)
  from space 6656K, 96% used [0x00000000e8a80000,0x00000000e90c6490,0x00000000e9100000)
  to   space 10752K, 0% used [0x00000000e7c00000,0x00000000e7c00000,0x00000000e8680000)
 ParOldGen       total 96768K, used 8687K [0x00000000a0000000, 0x00000000a5e80000, 0x00000000e0000000)
  object space 96768K, 8% used [0x00000000a0000000,0x00000000a087bfb0,0x00000000a5e80000)
 Metaspace       used 34802K, capacity 35386K, committed 35496K, reserved 1079296K
  class space    used 4771K, capacity 4996K, committed 5040K, reserved 1048576K
Event: 12.093 GC heap after
Heap after GC invocations=6 (full 1):
 PSYoungGen      total 137728K, used 10743K [0x00000000e0000000, 0x00000000ec900000, 0x0000000100000000)
  eden space 126976K, 0% used [0x00000000e0000000,0x00000000e0000000,0x00000000e7c00000)
  from space 10752K, 99% used [0x00000000e7c00000,0x00000000e867ddb0,0x00000000e8680000)
  to   space 14848K, 0% used [0x00000000eba80000,0x00000000eba80000,0x00000000ec900000)
 ParOldGen       total 96768K, used 12722K [0x00000000a0000000, 0x00000000a5e80000, 0x00000000e0000000)
  object space 96768K, 13% used [0x00000000a0000000,0x00000000a0c6cb00,0x00000000a5e80000)
 Metaspace       used 34802K, capacity 35386K, committed 35496K, reserved 1079296K
  class space    used 4771K, capacity 4996K, committed 5040K, reserved 1048576K
}
Event: 12.093 GC heap before
{Heap before GC invocations=7 (full 2):
 PSYoungGen      total 137728K, used 10743K [0x00000000e0000000, 0x00000000ec900000, 0x0000000100000000)
  eden space 126976K, 0% used [0x00000000e0000000,0x00000000e0000000,0x00000000e7c00000)
  from space 10752K, 99% used [0x00000000e7c00000,0x00000000e867ddb0,0x00000000e8680000)
  to   space 14848K, 0% used [0x00000000eba80000,0x00000000eba80000,0x00000000ec900000)
 ParOldGen       total 96768K, used 12722K [0x00000000a0000000, 0x00000000a5e80000, 0x00000000e0000000)
  object space 96768K, 13% used [0x00000000a0000000,0x00000000a0c6cb00,0x00000000a5e80000)
 Metaspace       used 34802K, capacity 35386K, committed 35496K, reserved 1079296K
  class space    used 4771K, capacity 4996K, committed 5040K, reserved 1048576K
Event: 12.189 GC heap after
Heap after GC invocations=7 (full 2):
 PSYoungGen      total 137728K, used 0K [0x00000000e0000000, 0x00000000ec900000, 0x0000000100000000)
  eden space 126976K, 0% used [0x00000000e0000000,0x00000000e0000000,0x00000000e7c00000)
  from space 10752K, 0% used [0x00000000e7c00000,0x00000000e7c00000,0x00000000e8680000)
  to   space 14848K, 0% used [0x00000000eba80000,0x00000000eba80000,0x00000000ec900000)
 ParOldGen       total 163840K, used 20985K [0x00000000a0000000, 0x00000000aa000000, 0x00000000e0000000)
  object space 163840K, 12% used [0x00000000a0000000,0x00000000a147e518,0x00000000aa000000)
 Metaspace       used 34783K, capacity 35362K, committed 35496K, reserved 1079296K
  class space    used 4765K, capacity 4988K, committed 5040K, reserved 1048576K
}
Event: 16.516 GC heap before
{Heap before GC invocations=8 (full 2):
 PSYoungGen      total 137728K, used 126976K [0x00000000e0000000, 0x00000000ec900000, 0x0000000100000000)
  eden space 126976K, 100% used [0x00000000e0000000,0x00000000e7c00000,0x00000000e7c00000)
  from space 10752K, 0% used [0x00000000e7c00000,0x00000000e7c00000,0x00000000e8680000)
  to   space 14848K, 0% used [0x00000000eba80000,0x00000000eba80000,0x00000000ec900000)
 ParOldGen       total 163840K, used 20985K [0x00000000a0000000, 0x00000000aa000000, 0x00000000e0000000)
  object space 163840K, 12% used [0x00000000a0000000,0x00000000a147e518,0x00000000aa000000)
 Metaspace       used 38371K, capacity 39008K, committed 39208K, reserved 1083392K
  class space    used 5137K, capacity 5349K, committed 5424K, reserved 1048576K
Event: 16.525 GC heap after
Heap after GC invocations=8 (full 2):
 PSYoungGen      total 187904K, used 2649K [0x00000000e0000000, 0x00000000ec880000, 0x0000000100000000)
  eden space 173568K, 0% used [0x00000000e0000000,0x00000000e0000000,0x00000000ea980000)
  from space 14336K, 18% used [0x00000000eba80000,0x00000000ebd16500,0x00000000ec880000)
  to   space 15872K, 0% used [0x00000000ea980000,0x00000000ea980000,0x00000000eb900000)
 ParOldGen       total 163840K, used 21057K [0x00000000a0000000, 0x00000000aa000000, 0x00000000e0000000)
  object space 163840K, 12% used [0x00000000a0000000,0x00000000a1490528,0x00000000aa000000)
 Metaspace       used 38371K, capacity 39008K, committed 39208K, reserved 1083392K
  class space    used 5137K, capacity 5349K, committed 5424K, reserved 1048576K
}
Event: 23.690 GC heap before
{Heap before GC invocations=9 (full 2):
 PSYoungGen      total 187904K, used 176217K [0x00000000e0000000, 0x00000000ec880000, 0x0000000100000000)
  eden space 173568K, 100% used [0x00000000e0000000,0x00000000ea980000,0x00000000ea980000)
  from space 14336K, 18% used [0x00000000eba80000,0x00000000ebd16500,0x00000000ec880000)
  to   space 15872K, 0% used [0x00000000ea980000,0x00000000ea980000,0x00000000eb900000)
 ParOldGen       total 163840K, used 21057K [0x00000000a0000000, 0x00000000aa000000, 0x00000000e0000000)
  object space 163840K, 12% used [0x00000000a0000000,0x00000000a1490528,0x00000000aa000000)
 Metaspace       used 38782K, capacity 39506K, committed 39720K, reserved 1083392K
  class space    used 5163K, capacity 5384K, committed 5424K, reserved 1048576K
Event: 23.702 GC heap after
Heap after GC invocations=9 (full 2):
 PSYoungGen      total 189440K, used 5715K [0x00000000e0000000, 0x00000000efd00000, 0x0000000100000000)
  eden space 173568K, 0% used [0x00000000e0000000,0x00000000e0000000,0x00000000ea980000)
  from space 15872K, 36% used [0x00000000ea980000,0x00000000eaf14f28,0x00000000eb900000)
  to   space 15360K, 0% used [0x00000000eee00000,0x00000000eee00000,0x00000000efd00000)
 ParOldGen       total 163840K, used 21065K [0x00000000a0000000, 0x00000000aa000000, 0x00000000e0000000)
  object space 163840K, 12% used [0x00000000a0000000,0x00000000a1492528,0x00000000aa000000)
 Metaspace       used 38782K, capacity 39506K, committed 39720K, reserved 1083392K
  class space    used 5163K, capacity 5384K, committed 5424K, reserved 1048576K
}
Event: 29.443 GC heap before
{Heap before GC invocations=10 (full 2):
 PSYoungGen      total 189440K, used 179283K [0x00000000e0000000, 0x00000000efd00000, 0x0000000100000000)
  eden space 173568K, 100% used [0x00000000e0000000,0x00000000ea980000,0x00000000ea980000)
  from space 15872K, 36% used [0x00000000ea980000,0x00000000eaf14f28,0x00000000eb900000)
  to   space 15360K, 0% used [0x00000000eee00000,0x00000000eee00000,0x00000000efd00000)
 ParOldGen       total 163840K, used 21065K [0x00000000a0000000, 0x00000000aa000000, 0x00000000e0000000)
  object space 163840K, 12% used [0x00000000a0000000,0x00000000a1492528,0x00000000aa000000)
 Metaspace       used 39825K, capacity 40694K, committed 40872K, reserved 1085440K
  class space    used 5289K, capacity 5546K, committed 5552K, reserved 1048576K
Event: 29.465 GC heap after
Heap after GC invocations=10 (full 2):
 PSYoungGen      total 235520K, used 5811K [0x00000000e0000000, 0x00000000ef880000, 0x0000000100000000)
  eden space 224768K, 0% used [0x00000000e0000000,0x00000000e0000000,0x00000000edb80000)
  from space 10752K, 54% used [0x00000000eee00000,0x00000000ef3acc60,0x00000000ef880000)
  to   space 14848K, 0% used [0x00000000edb80000,0x00000000edb80000,0x00000000eea00000)
 ParOldGen       total 163840K, used 21065K [0x00000000a0000000, 0x00000000aa000000, 0x00000000e0000000)
  object space 163840K, 12% used [0x00000000a0000000,0x00000000a1492528,0x00000000aa000000)
 Metaspace       used 39825K, capacity 40694K, committed 40872K, reserved 1085440K
  class space    used 5289K, capacity 5546K, committed 5552K, reserved 1048576K
}

